# JRE version: Java(TM) SE Runtime Environment (8.0_251-b08) (build 1.8.0_251-b08)
# Java VM: Java HotSpot(TM) 64-Bit Server VM (25.251-b08 mixed mode bsd-amd64 compressed oops)
Heap:
 PSYoungGen      total 1356800K, used 1249723K [0x0000000715580000, 0x00000007a8180000, 0x00000007c0000000)
  eden space 1270784K, 98% used [0x0000000715580000,0x00000007619eef80,0x0000000762e80000)
  from space 86016K, 0% used [0x0000000762e80000,0x0000000762e80000,0x0000000768280000)
  to   space 85504K, 0% used [0x00000007a2e00000,0x00000007a2e00000,0x00000007a8180000)
 ParOldGen       total 699392K, used 127530K [0x00000005c0000000, 0x00000005eab00000, 0x0000000715580000)
  object space 699392K, 18% used [0x00000005c0000000,0x00000005c7c8a9c8,0x00000005eab00000)
 Metaspace       used 44071K, capacity 44840K, committed 45184K, reserved 1087488K
  class space    used 5970K, capacity 6220K, committed 6272K, reserved 1048576K
GC Heap History (10 events):
Event: 12.113 GC heap before
{Heap before GC invocations=5 (full 1):
 PSYoungGen      total 567808K, used 524288K [0x0000000715580000, 0x000000075aa80000, 0x00000007c0000000)
  eden space 524288K, 100% used [0x0000000715580000,0x0000000735580000,0x0000000735580000)
  from space 43520K, 0% used [0x0000000735580000,0x0000000735580000,0x0000000738000000)
  to   space 43520K, 0% used [0x0000000758000000,0x0000000758000000,0x000000075aa80000)
 ParOldGen       total 699392K, used 74932K [0x00000005c0000000, 0x00000005eab00000, 0x0000000715580000)
  object space 699392K, 10% used [0x00000005c0000000,0x00000005c492d1b0,0x00000005eab00000)
 Metaspace       used 27472K, capacity 27934K, committed 28288K, reserved 1073152K
  class space    used 3472K, capacity 3665K, committed 3712K, reserved 1048576K
Event: 12.232 GC heap after
Heap after GC invocations=5 (full 1):
 PSYoungGen      total 873472K, used 43511K [0x0000000715580000, 0x000000075aa80000, 0x00000007c0000000)
  eden space 829952K, 0% used [0x0000000715580000,0x0000000715580000,0x0000000748000000)
  from space 43520K, 99% used [0x0000000758000000,0x000000075aa7dee0,0x000000075aa80000)
  to   space 43520K, 0% used [0x0000000755580000,0x0000000755580000,0x0000000758000000)
 ParOldGen       total 699392K, used 104043K [0x00000005c0000000, 0x00000005eab00000, 0x0000000715580000)
  object space 699392K, 14% used [0x00000005c0000000,0x00000005c659ad58,0x00000005eab00000)
 Metaspace       used 27472K, capacity 27934K, committed 28288K, reserved 1073152K
  class space    used 3472K, capacity 3665K, committed 3712K, reserved 1048576K
}
Event: 16.916 GC heap before
{Heap before GC invocations=6 (full 1):
 PSYoungGen      total 873472K, used 873463K [0x0000000715580000, 0x000000075aa80000, 0x00000007c0000000)
  eden space 829952K, 100% used [0x0000000715580000,0x0000000748000000,0x0000000748000000)
  from space 43520K, 99% used [0x0000000758000000,0x000000075aa7dee0,0x000000075aa80000)
  to   space 43520K, 0% used [0x0000000755580000,0x0000000755580000,0x0000000758000000)
 ParOldGen       total 699392K, used 104043K [0x00000005c0000000, 0x00000005eab00000, 0x0000000715580000)
  object space 699392K, 14% used [0x00000005c0000000,0x00000005c659ad58,0x00000005eab00000)
 Metaspace       used 30334K, capacity 30900K, committed 31232K, reserved 1077248K
  class space    used 3807K, capacity 4016K, committed 4096K, reserved 1048576K
Event: 16.962 GC heap after
Heap after GC invocations=6 (full 1):
 PSYoungGen      total 1092096K, used 43499K [0x0000000715580000, 0x000000076d500000, 0x00000007c0000000)
  eden space 1048576K, 0% used [0x0000000715580000,0x0000000715580000,0x0000000755580000)
  from space 43520K, 99% used [0x0000000755580000,0x0000000757ffaea0,0x0000000758000000)
  to   space 84480K, 0% used [0x0000000768280000,0x0000000768280000,0x000000076d500000)
 ParOldGen       total 699392K, used 111933K [0x00000005c0000000, 0x00000005eab00000, 0x0000000715580000)
  object space 699392K, 16% used [0x00000005c0000000,0x00000005c6d4f5b8,0x00000005eab00000)
 Metaspace       used 30334K, capacity 30900K, committed 31232K, reserved 1077248K
  class space    used 3807K, capacity 4016K, committed 4096K, reserved 1048576K
}
Event: 20.836 GC heap before
{Heap before GC invocations=7 (full 1):
 PSYoungGen      total 1092096K, used 1092075K [0x0000000715580000, 0x000000076d500000, 0x00000007c0000000)
  eden space 1048576K, 100% used [0x0000000715580000,0x0000000755580000,0x0000000755580000)
  from space 43520K, 99% used [0x0000000755580000,0x0000000757ffaea0,0x0000000758000000)
  to   space 84480K, 0% used [0x0000000768280000,0x0000000768280000,0x000000076d500000)
 ParOldGen       total 699392K, used 111933K [0x00000005c0000000, 0x00000005eab00000, 0x0000000715580000)
  object space 699392K, 16% used [0x00000005c0000000,0x00000005c6d4f5b8,0x00000005eab00000)
 Metaspace       used 34298K, capacity 34898K, committed 35200K, reserved 1079296K
  class space    used 4268K, capacity 4449K, committed 4480K, reserved 1048576K
Event: 20.906 GC heap after
Heap after GC invocations=7 (full 1):
 PSYoungGen      total 1355264K, used 72154K [0x0000000715580000, 0x0000000780400000, 0x00000007c0000000)
  eden space 1270784K, 0% used [0x0000000715580000,0x0000000715580000,0x0000000762e80000)
  from space 84480K, 85% used [0x0000000768280000,0x000000076c8f6ad8,0x000000076d500000)
  to   space 86016K, 0% used [0x0000000762e80000,0x0000000762e80000,0x0000000768280000)
 ParOldGen       total 699392K, used 111941K [0x00000005c0000000, 0x00000005eab00000, 0x0000000715580000)
  object space 699392K, 16% used [0x00000005c0000000,0x00000005c6d515b8,0x00000005eab00000)
 Metaspace       used 34298K, capacity 34898K, committed 35200K, reserved 1079296K
  class space    used 4268K, capacity 4449K, committed 4480K, reserved 1048576K
}
Event: 21.150 GC heap before
{Heap before GC invocations=8 (full 1):
 PSYoungGen      total 1355264K, used 98500K [0x0000000715580000, 0x0000000780400000, 0x00000007c0000000)
  eden space 1270784K, 2% used [0x0000000715580000,0x0000000716f3a7c8,0x0000000762e80000)
  from space 84480K, 85% used [0x0000000768280000,0x000000076c8f6ad8,0x000000076d500000)
  to   space 86016K, 0% used [0x0000000762e80000,0x0000000762e80000,0x0000000768280000)
 ParOldGen       total 699392K, used 111941K [0x00000005c0000000, 0x00000005eab00000, 0x0000000715580000)
  object space 699392K, 16% used [0x00000005c0000000,0x00000005c6d515b8,0x00000005eab00000)
 Metaspace       used 34627K, capacity 35224K, committed 35496K, reserved 1081344K
  class space    used 4313K, capacity 4516K, committed 4608K, reserved 1048576K
Event: 21.229 GC heap after
Heap after GC invocations=8 (full 1):
 PSYoungGen      total 1356800K, used 69681K [0x0000000715580000, 0x00000007a8180000, 0x00000007c0000000)
  eden space 1270784K, 0% used [0x0000000715580000,0x0000000715580000,0x0000000762e80000)
  from space 86016K, 81% used [0x0000000762e80000,0x000000076728c768,0x0000000768280000)
  to   space 85504K, 0% used [0x00000007a2e00000,0x00000007a2e00000,0x00000007a8180000)
 ParOldGen       total 699392K, used 111949K [0x00000005c0000000, 0x00000005eab00000, 0x0000000715580000)
  object space 699392K, 16% used [0x00000005c0000000,0x00000005c6d535b8,0x00000005eab00000)
 Metaspace       used 34627K, capacity 35224K, committed 35496K, reserved 1081344K
  class space    used 4313K, capacity 4516K, committed 4608K, reserved 1048576K
}
Event: 21.229 GC heap before
{Heap before GC invocations=9 (full 2):
 PSYoungGen      total 1356800K, used 69681K [0x0000000715580000, 0x00000007a8180000, 0x00000007c0000000)
  eden space 1270784K, 0% used [0x0000000715580000,0x0000000715580000,0x0000000762e80000)
  from space 86016K, 81% used [0x0000000762e80000,0x000000076728c768,0x0000000768280000)
  to   space 85504K, 0% used [0x00000007a2e00000,0x00000007a2e00000,0x00000007a8180000)
 ParOldGen       total 699392K, used 111949K [0x00000005c0000000, 0x00000005eab00000, 0x0000000715580000)
  object space 699392K, 16% used [0x00000005c0000000,0x00000005c6d535b8,0x00000005eab00000)
 Metaspace       used 34627K, capacity 35224K, committed 35496K, reserved 1081344K
  class space    used 4313K, capacity 4516K, committed 4608K, reserved 1048576K
Event: 21.723 GC heap after
Heap after GC invocations=9 (full 2):
 PSYoungGen      total 1356800K, used 0K [0x0000000715580000, 0x00000007a8180000, 0x00000007c0000000)
  eden space 1270784K, 0% used [0x0000000715580000,0x0000000715580000,0x0000000762e80000)
  from space 86016K, 0% used [0x0000000762e80000,0x0000000762e80000,0x0000000768280000)
  to   space 85504K, 0% used [0x00000007a2e00000,0x00000007a2e00000,0x00000007a8180000)
 ParOldGen       total 699392K, used 127530K [0x00000005c0000000, 0x00000005eab00000, 0x0000000715580000)
  object space 699392K, 18% used [0x00000005c0000000,0x00000005c7c8a9c8,0x00000005eab00000)
 Metaspace       used 34627K, capacity 35224K, committed 35496K, reserved 1081344K
  class space    used 4313K, capacity 4516K, committed 4608K, reserved 1048576K
}

