# JRE version: Java(TM) SE Runtime Environment (8.0_271-b09) (build 1.8.0_271-b09)
# Java VM: Java HotSpot(TM) 64-Bit Server VM (25.271-b09 mixed mode bsd-amd64 compressed oops)
Heap:
 PSYoungGen      total 1428480K, used 345002K [0x0000000715580000, 0x0000000773580000, 0x00000007c0000000)
  eden space 1342464K, 24% used [0x0000000715580000,0x000000072917c7e0,0x0000000767480000)
  from space 86016K, 24% used [0x000000076cf80000,0x000000076e46e1f8,0x0000000772380000)
  to   space 93184K, 0% used [0x0000000767480000,0x0000000767480000,0x000000076cf80000)
 ParOldGen       total 858112K, used 139619K [0x00000005c0000000, 0x00000005f4600000, 0x0000000715580000)
  object space 858112K, 16% used [0x00000005c0000000,0x00000005c8858f78,0x00000005f4600000)
 Metaspace       used 44553K, capacity 45304K, committed 45736K, reserved 1089536K
  class space    used 6022K, capacity 6222K, committed 6312K, reserved 1048576K
GC Heap History (10 events):
Event: 22.783 GC heap before
{Heap before GC invocations=6 (full 1):
 PSYoungGen      total 766976K, used 766970K [0x0000000715580000, 0x000000075aa80000, 0x00000007c0000000)
  eden space 723456K, 100% used [0x0000000715580000,0x0000000741800000,0x0000000741800000)
  from space 43520K, 99% used [0x0000000758000000,0x000000075aa7ebc0,0x000000075aa80000)
  to   space 43520K, 0% used [0x0000000755580000,0x0000000755580000,0x0000000758000000)
 ParOldGen       total 699392K, used 114248K [0x00000005c0000000, 0x00000005eab00000, 0x0000000715580000)
  object space 699392K, 16% used [0x00000005c0000000,0x00000005c6f92008,0x00000005eab00000)
 Metaspace       used 30454K, capacity 31018K, committed 31232K, reserved 1077248K
  class space    used 3817K, capacity 4033K, committed 4096K, reserved 1048576K
Event: 22.833 GC heap after
Heap after GC invocations=6 (full 1):
 PSYoungGen      total 1012736K, used 43514K [0x0000000715580000, 0x000000075bc00000, 0x00000007c0000000)
  eden space 969216K, 0% used [0x0000000715580000,0x0000000715580000,0x0000000750800000)
  from space 43520K, 99% used [0x0000000755580000,0x0000000757ffe960,0x0000000758000000)
  to   space 61440K, 0% used [0x0000000758000000,0x0000000758000000,0x000000075bc00000)
 ParOldGen       total 699392K, used 121590K [0x00000005c0000000, 0x00000005eab00000, 0x0000000715580000)
  object space 699392K, 17% used [0x00000005c0000000,0x00000005c76bd850,0x00000005eab00000)
 Metaspace       used 30454K, capacity 31018K, committed 31232K, reserved 1077248K
  class space    used 3817K, capacity 4033K, committed 4096K, reserved 1048576K
}
Event: 27.429 GC heap before
{Heap before GC invocations=7 (full 1):
 PSYoungGen      total 1012736K, used 1012730K [0x0000000715580000, 0x000000075bc00000, 0x00000007c0000000)
  eden space 969216K, 100% used [0x0000000715580000,0x0000000750800000,0x0000000750800000)
  from space 43520K, 99% used [0x0000000755580000,0x0000000757ffe960,0x0000000758000000)
  to   space 61440K, 0% used [0x0000000758000000,0x0000000758000000,0x000000075bc00000)
 ParOldGen       total 699392K, used 121590K [0x00000005c0000000, 0x00000005eab00000, 0x0000000715580000)
  object space 699392K, 17% used [0x00000005c0000000,0x00000005c76bd850,0x00000005eab00000)
 Metaspace       used 32526K, capacity 33154K, committed 33536K, reserved 1079296K
  class space    used 4023K, capacity 4247K, committed 4352K, reserved 1048576K
Event: 27.496 GC heap after
Heap after GC invocations=7 (full 1):
 PSYoungGen      total 1064960K, used 61431K [0x0000000715580000, 0x000000076e280000, 0x00000007c0000000)
  eden space 1003520K, 0% used [0x0000000715580000,0x0000000715580000,0x0000000752980000)
  from space 61440K, 99% used [0x0000000758000000,0x000000075bbfdd08,0x000000075bc00000)
  to   space 88576K, 0% used [0x0000000752980000,0x0000000752980000,0x0000000758000000)
 ParOldGen       total 699392K, used 129213K [0x00000005c0000000, 0x00000005eab00000, 0x0000000715580000)
  object space 699392K, 18% used [0x00000005c0000000,0x00000005c7e2f4f0,0x00000005eab00000)
 Metaspace       used 32526K, capacity 33154K, committed 33536K, reserved 1079296K
  class space    used 4023K, capacity 4247K, committed 4352K, reserved 1048576K
}
Event: 29.070 GC heap before
{Heap before GC invocations=8 (full 1):
 PSYoungGen      total 1064960K, used 364272K [0x0000000715580000, 0x000000076e280000, 0x00000007c0000000)
  eden space 1003520K, 30% used [0x0000000715580000,0x0000000727d3e680,0x0000000752980000)
  from space 61440K, 99% used [0x0000000758000000,0x000000075bbfdd08,0x000000075bc00000)
  to   space 88576K, 0% used [0x0000000752980000,0x0000000752980000,0x0000000758000000)
 ParOldGen       total 699392K, used 129213K [0x00000005c0000000, 0x00000005eab00000, 0x0000000715580000)
  object space 699392K, 18% used [0x00000005c0000000,0x00000005c7e2f4f0,0x00000005eab00000)
 Metaspace       used 34690K, capacity 35290K, committed 35496K, reserved 1081344K
  class space    used 4305K, capacity 4511K, committed 4520K, reserved 1048576K
Event: 29.121 GC heap after
Heap after GC invocations=8 (full 1):
 PSYoungGen      total 1092096K, used 68111K [0x0000000715580000, 0x0000000772380000, 0x00000007c0000000)
  eden space 1003520K, 0% used [0x0000000715580000,0x0000000715580000,0x0000000752980000)
  from space 88576K, 76% used [0x0000000752980000,0x0000000756c03ee0,0x0000000758000000)
  to   space 86016K, 0% used [0x000000076cf80000,0x000000076cf80000,0x0000000772380000)
 ParOldGen       total 699392K, used 129221K [0x00000005c0000000, 0x00000005eab00000, 0x0000000715580000)
  object space 699392K, 18% used [0x00000005c0000000,0x00000005c7e314f0,0x00000005eab00000)
 Metaspace       used 34690K, capacity 35290K, committed 35496K, reserved 1081344K
  class space    used 4305K, capacity 4511K, committed 4520K, reserved 1048576K
}
Event: 29.121 GC heap before
{Heap before GC invocations=9 (full 2):
 PSYoungGen      total 1092096K, used 68111K [0x0000000715580000, 0x0000000772380000, 0x00000007c0000000)
  eden space 1003520K, 0% used [0x0000000715580000,0x0000000715580000,0x0000000752980000)
  from space 88576K, 76% used [0x0000000752980000,0x0000000756c03ee0,0x0000000758000000)
  to   space 86016K, 0% used [0x000000076cf80000,0x000000076cf80000,0x0000000772380000)
 ParOldGen       total 699392K, used 129221K [0x00000005c0000000, 0x00000005eab00000, 0x0000000715580000)
  object space 699392K, 18% used [0x00000005c0000000,0x00000005c7e314f0,0x00000005eab00000)
 Metaspace       used 34690K, capacity 35290K, committed 35496K, reserved 1081344K
  class space    used 4305K, capacity 4511K, committed 4520K, reserved 1048576K
Event: 29.584 GC heap after
Heap after GC invocations=9 (full 2):
 PSYoungGen      total 1092096K, used 0K [0x0000000715580000, 0x0000000772380000, 0x00000007c0000000)
  eden space 1003520K, 0% used [0x0000000715580000,0x0000000715580000,0x0000000752980000)
  from space 88576K, 0% used [0x0000000752980000,0x0000000752980000,0x0000000758000000)
  to   space 86016K, 0% used [0x000000076cf80000,0x000000076cf80000,0x0000000772380000)
 ParOldGen       total 858112K, used 139611K [0x00000005c0000000, 0x00000005f4600000, 0x0000000715580000)
  object space 858112K, 16% used [0x00000005c0000000,0x00000005c8856f78,0x00000005f4600000)
 Metaspace       used 34690K, capacity 35290K, committed 35496K, reserved 1081344K
  class space    used 4305K, capacity 4511K, committed 4520K, reserved 1048576K
}
Event: 34.472 GC heap before
{Heap before GC invocations=10 (full 2):
 PSYoungGen      total 1092096K, used 1003520K [0x0000000715580000, 0x0000000772380000, 0x00000007c0000000)
  eden space 1003520K, 100% used [0x0000000715580000,0x0000000752980000,0x0000000752980000)
  from space 88576K, 0% used [0x0000000752980000,0x0000000752980000,0x0000000758000000)
  to   space 86016K, 0% used [0x000000076cf80000,0x000000076cf80000,0x0000000772380000)
 ParOldGen       total 858112K, used 139611K [0x00000005c0000000, 0x00000005f4600000, 0x0000000715580000)
  object space 858112K, 16% used [0x00000005c0000000,0x00000005c8856f78,0x00000005f4600000)
 Metaspace       used 41794K, capacity 42514K, committed 42920K, reserved 1085440K
  class space    used 5692K, capacity 5935K, committed 6056K, reserved 1048576K
Event: 34.496 GC heap after
Heap after GC invocations=10 (full 2):
 PSYoungGen      total 1428480K, used 21432K [0x0000000715580000, 0x0000000773580000, 0x00000007c0000000)
  eden space 1342464K, 0% used [0x0000000715580000,0x0000000715580000,0x0000000767480000)
  from space 86016K, 24% used [0x000000076cf80000,0x000000076e46e1f8,0x0000000772380000)
  to   space 93184K, 0% used [0x0000000767480000,0x0000000767480000,0x000000076cf80000)
 ParOldGen       total 858112K, used 139619K [0x00000005c0000000, 0x00000005f4600000, 0x0000000715580000)
  object space 858112K, 16% used [0x00000005c0000000,0x00000005c8858f78,0x00000005f4600000)
 Metaspace       used 41794K, capacity 42514K, committed 42920K, reserved 1085440K
  class space    used 5692K, capacity 5935K, committed 6056K, reserved 1048576K
}

