# JRE version: Java(TM) SE Runtime Environment (8.0_251-b08) (build 1.8.0_251-b08)
# Java VM: Java HotSpot(TM) 64-Bit Server VM (25.251-b08 mixed mode bsd-amd64 compressed oops)
Heap:
 PSYoungGen      total 2768896K, used 2220516K [0x0000000715580000, 0x00000007bff80000, 0x00000007c0000000)
  eden space 2743296K, 80% used [0x0000000715580000,0x000000079bc0f580,0x00000007bcc80000)
  from space 25600K, 71% used [0x00000007bcc80000,0x00000007bde69d20,0x00000007be580000)
  to   space 25088K, 0% used [0x00000007be700000,0x00000007be700000,0x00000007bff80000)
 ParOldGen       total 4603904K, used 4235389K [0x00000005c0000000, 0x00000006d9000000, 0x0000000715580000)
  object space 4603904K, 91% used [0x00000005c0000000,0x00000006c281f7f0,0x00000006d9000000)
 Metaspace       used 345899K, capacity 360948K, committed 361088K, reserved 1351680K
  class space    used 55485K, capacity 59175K, committed 59264K, reserved 1048576K
GC Heap History (10 events):
Event: 3420.503 GC heap before
{Heap before GC invocations=504 (full 9):
 PSYoungGen      total 2765312K, used 2754291K [0x0000000715580000, 0x00000007bfc80000, 0x00000007c0000000)
  eden space 2737664K, 100% used [0x0000000715580000,0x00000007bc700000,0x00000007bc700000)
  from space 27648K, 60% used [0x00000007be180000,0x00000007bf1bcff0,0x00000007bfc80000)
  to   space 27136K, 0% used [0x00000007bc700000,0x00000007bc700000,0x00000007be180000)
 ParOldGen       total 4603904K, used 4234805K [0x00000005c0000000, 0x00000006d9000000, 0x0000000715580000)
  object space 4603904K, 91% used [0x00000005c0000000,0x00000006c278d7f0,0x00000006d9000000)
 Metaspace       used 345801K, capacity 360802K, committed 361088K, reserved 1351680K
  class space    used 55477K, capacity 59172K, committed 59264K, reserved 1048576K
Event: 3420.535 GC heap after
Heap after GC invocations=504 (full 9):
 PSYoungGen      total 2764800K, used 16520K [0x0000000715580000, 0x00000007bfd80000, 0x00000007c0000000)
  eden space 2737664K, 0% used [0x0000000715580000,0x0000000715580000,0x00000007bc700000)
  from space 27136K, 60% used [0x00000007bc700000,0x00000007bd722370,0x00000007be180000)
  to   space 26112K, 0% used [0x00000007be400000,0x00000007be400000,0x00000007bfd80000)
 ParOldGen       total 4603904K, used 4234917K [0x00000005c0000000, 0x00000006d9000000, 0x0000000715580000)
  object space 4603904K, 91% used [0x00000005c0000000,0x00000006c27a97f0,0x00000006d9000000)
 Metaspace       used 345801K, capacity 360802K, committed 361088K, reserved 1351680K
  class space    used 55477K, capacity 59172K, committed 59264K, reserved 1048576K
}
Event: 3429.358 GC heap before
{Heap before GC invocations=505 (full 9):
 PSYoungGen      total 2764800K, used 2754184K [0x0000000715580000, 0x00000007bfd80000, 0x00000007c0000000)
  eden space 2737664K, 100% used [0x0000000715580000,0x00000007bc700000,0x00000007bc700000)
  from space 27136K, 60% used [0x00000007bc700000,0x00000007bd722370,0x00000007be180000)
  to   space 26112K, 0% used [0x00000007be400000,0x00000007be400000,0x00000007bfd80000)
 ParOldGen       total 4603904K, used 4234917K [0x00000005c0000000, 0x00000006d9000000, 0x0000000715580000)
  object space 4603904K, 91% used [0x00000005c0000000,0x00000006c27a97f0,0x00000006d9000000)
 Metaspace       used 345820K, capacity 360802K, committed 361088K, reserved 1351680K
  class space    used 55478K, capacity 59172K, committed 59264K, reserved 1048576K
Event: 3429.398 GC heap after
Heap after GC invocations=505 (full 9):
 PSYoungGen      total 2766848K, used 21216K [0x0000000715580000, 0x00000007c0000000, 0x00000007c0000000)
  eden space 2740736K, 0% used [0x0000000715580000,0x0000000715580000,0x00000007bca00000)
  from space 26112K, 81% used [0x00000007be400000,0x00000007bf8b81d0,0x00000007bfd80000)
  to   space 26624K, 0% used [0x00000007bca00000,0x00000007bca00000,0x00000007be400000)
 ParOldGen       total 4603904K, used 4234997K [0x00000005c0000000, 0x00000006d9000000, 0x0000000715580000)
  object space 4603904K, 91% used [0x00000005c0000000,0x00000006c27bd7f0,0x00000006d9000000)
 Metaspace       used 345820K, capacity 360802K, committed 361088K, reserved 1351680K
  class space    used 55478K, capacity 59172K, committed 59264K, reserved 1048576K
}
Event: 3439.436 GC heap before
{Heap before GC invocations=506 (full 9):
 PSYoungGen      total 2766848K, used 2761952K [0x0000000715580000, 0x00000007c0000000, 0x00000007c0000000)
  eden space 2740736K, 100% used [0x0000000715580000,0x00000007bca00000,0x00000007bca00000)
  from space 26112K, 81% used [0x00000007be400000,0x00000007bf8b81d0,0x00000007bfd80000)
  to   space 26624K, 0% used [0x00000007bca00000,0x00000007bca00000,0x00000007be400000)
 ParOldGen       total 4603904K, used 4234997K [0x00000005c0000000, 0x00000006d9000000, 0x0000000715580000)
  object space 4603904K, 91% used [0x00000005c0000000,0x00000006c27bd7f0,0x00000006d9000000)
 Metaspace       used 345823K, capacity 360802K, committed 361088K, reserved 1351680K
  class space    used 55478K, capacity 59172K, committed 59264K, reserved 1048576K
Event: 3439.465 GC heap after
Heap after GC invocations=506 (full 9):
 PSYoungGen      total 2767360K, used 17622K [0x0000000715580000, 0x00000007bff80000, 0x00000007c0000000)
  eden space 2740736K, 0% used [0x0000000715580000,0x0000000715580000,0x00000007bca00000)
  from space 26624K, 66% used [0x00000007bca00000,0x00000007bdb358b0,0x00000007be400000)
  to   space 26112K, 0% used [0x00000007be600000,0x00000007be600000,0x00000007bff80000)
 ParOldGen       total 4603904K, used 4235077K [0x00000005c0000000, 0x00000006d9000000, 0x0000000715580000)
  object space 4603904K, 91% used [0x00000005c0000000,0x00000006c27d17f0,0x00000006d9000000)
 Metaspace       used 345823K, capacity 360802K, committed 361088K, reserved 1351680K
  class space    used 55478K, capacity 59172K, committed 59264K, reserved 1048576K
}
Event: 3450.549 GC heap before
{Heap before GC invocations=507 (full 9):
 PSYoungGen      total 2767360K, used 2758358K [0x0000000715580000, 0x00000007bff80000, 0x00000007c0000000)
  eden space 2740736K, 100% used [0x0000000715580000,0x00000007bca00000,0x00000007bca00000)
  from space 26624K, 66% used [0x00000007bca00000,0x00000007bdb358b0,0x00000007be400000)
  to   space 26112K, 0% used [0x00000007be600000,0x00000007be600000,0x00000007bff80000)
 ParOldGen       total 4603904K, used 4235077K [0x00000005c0000000, 0x00000006d9000000, 0x0000000715580000)
  object space 4603904K, 91% used [0x00000005c0000000,0x00000006c27d17f0,0x00000006d9000000)
 Metaspace       used 345865K, capacity 360866K, committed 361088K, reserved 1351680K
  class space    used 55481K, capacity 59172K, committed 59264K, reserved 1048576K
Event: 3450.583 GC heap after
Heap after GC invocations=507 (full 9):
 PSYoungGen      total 2768384K, used 17581K [0x0000000715580000, 0x00000007bfe80000, 0x00000007c0000000)
  eden space 2743296K, 0% used [0x0000000715580000,0x0000000715580000,0x00000007bcc80000)
  from space 25088K, 70% used [0x00000007be600000,0x00000007bf72b690,0x00000007bfe80000)
  to   space 25600K, 0% used [0x00000007bcc80000,0x00000007bcc80000,0x00000007be580000)
 ParOldGen       total 4603904K, used 4235149K [0x00000005c0000000, 0x00000006d9000000, 0x0000000715580000)
  object space 4603904K, 91% used [0x00000005c0000000,0x00000006c27e37f0,0x00000006d9000000)
 Metaspace       used 345865K, capacity 360866K, committed 361088K, reserved 1351680K
  class space    used 55481K, capacity 59172K, committed 59264K, reserved 1048576K
}
Event: 3460.596 GC heap before
{Heap before GC invocations=508 (full 9):
 PSYoungGen      total 2768384K, used 2760877K [0x0000000715580000, 0x00000007bfe80000, 0x00000007c0000000)
  eden space 2743296K, 100% used [0x0000000715580000,0x00000007bcc80000,0x00000007bcc80000)
  from space 25088K, 70% used [0x00000007be600000,0x00000007bf72b690,0x00000007bfe80000)
  to   space 25600K, 0% used [0x00000007bcc80000,0x00000007bcc80000,0x00000007be580000)
 ParOldGen       total 4603904K, used 4235149K [0x00000005c0000000, 0x00000006d9000000, 0x0000000715580000)
  object space 4603904K, 91% used [0x00000005c0000000,0x00000006c27e37f0,0x00000006d9000000)
 Metaspace       used 345892K, capacity 360948K, committed 361088K, reserved 1351680K
  class space    used 55485K, capacity 59175K, committed 59264K, reserved 1048576K
Event: 3460.630 GC heap after
Heap after GC invocations=508 (full 9):
 PSYoungGen      total 2768896K, used 18343K [0x0000000715580000, 0x00000007bff80000, 0x00000007c0000000)
  eden space 2743296K, 0% used [0x0000000715580000,0x0000000715580000,0x00000007bcc80000)
  from space 25600K, 71% used [0x00000007bcc80000,0x00000007bde69d20,0x00000007be580000)
  to   space 25088K, 0% used [0x00000007be700000,0x00000007be700000,0x00000007bff80000)
 ParOldGen       total 4603904K, used 4235389K [0x00000005c0000000, 0x00000006d9000000, 0x0000000715580000)
  object space 4603904K, 91% used [0x00000005c0000000,0x00000006c281f7f0,0x00000006d9000000)
 Metaspace       used 345892K, capacity 360948K, committed 361088K, reserved 1351680K
  class space    used 55485K, capacity 59175K, committed 59264K, reserved 1048576K
}

