# JRE version: Java(TM) SE Runtime Environment (8.0_251-b08) (build 1.8.0_251-b08)
# Java VM: Java HotSpot(TM) 64-Bit Server VM (25.251-b08 mixed mode bsd-amd64 compressed oops)
Heap:
 PSYoungGen      total 1388544K, used 1270931K [0x0000000715580000, 0x00000007aa300000, 0x00000007c0000000)
  eden space 1304064K, 97% used [0x0000000715580000,0x0000000762ea4c10,0x0000000764f00000)
  from space 84480K, 0% used [0x0000000764f00000,0x0000000764f00000,0x000000076a180000)
  to   space 83968K, 0% used [0x00000007a5100000,0x00000007a5100000,0x00000007aa300000)
 ParOldGen       total 699392K, used 127920K [0x00000005c0000000, 0x00000005eab00000, 0x0000000715580000)
  object space 699392K, 18% used [0x00000005c0000000,0x00000005c7cec0e8,0x00000005eab00000)
 Metaspace       used 43927K, capacity 44738K, committed 45184K, reserved 1087488K
  class space    used 5949K, capacity 6187K, committed 6272K, reserved 1048576K
GC Heap History (10 events):
Event: 9.911 GC heap before
{Heap before GC invocations=5 (full 1):
 PSYoungGen      total 567808K, used 524288K [0x0000000715580000, 0x000000075aa80000, 0x00000007c0000000)
  eden space 524288K, 100% used [0x0000000715580000,0x0000000735580000,0x0000000735580000)
  from space 43520K, 0% used [0x0000000735580000,0x0000000735580000,0x0000000738000000)
  to   space 43520K, 0% used [0x0000000758000000,0x0000000758000000,0x000000075aa80000)
 ParOldGen       total 699392K, used 72945K [0x00000005c0000000, 0x00000005eab00000, 0x0000000715580000)
  object space 699392K, 10% used [0x00000005c0000000,0x00000005c473c4f8,0x00000005eab00000)
 Metaspace       used 28240K, capacity 28730K, committed 29184K, reserved 1075200K
  class space    used 3551K, capacity 3737K, committed 3840K, reserved 1048576K
Event: 10.071 GC heap after
Heap after GC invocations=5 (full 1):
 PSYoungGen      total 878080K, used 43514K [0x0000000715580000, 0x000000075aa80000, 0x00000007c0000000)
  eden space 834560K, 0% used [0x0000000715580000,0x0000000715580000,0x0000000748480000)
  from space 43520K, 99% used [0x0000000758000000,0x000000075aa7e9d0,0x000000075aa80000)
  to   space 43520K, 0% used [0x0000000755580000,0x0000000755580000,0x0000000758000000)
 ParOldGen       total 699392K, used 102026K [0x00000005c0000000, 0x00000005eab00000, 0x0000000715580000)
  object space 699392K, 14% used [0x00000005c0000000,0x00000005c63a28f8,0x00000005eab00000)
 Metaspace       used 28240K, capacity 28730K, committed 29184K, reserved 1075200K
  class space    used 3551K, capacity 3737K, committed 3840K, reserved 1048576K
}
Event: 13.348 GC heap before
{Heap before GC invocations=6 (full 1):
 PSYoungGen      total 878080K, used 878074K [0x0000000715580000, 0x000000075aa80000, 0x00000007c0000000)
  eden space 834560K, 100% used [0x0000000715580000,0x0000000748480000,0x0000000748480000)
  from space 43520K, 99% used [0x0000000758000000,0x000000075aa7e9d0,0x000000075aa80000)
  to   space 43520K, 0% used [0x0000000755580000,0x0000000755580000,0x0000000758000000)
 ParOldGen       total 699392K, used 102026K [0x00000005c0000000, 0x00000005eab00000, 0x0000000715580000)
  object space 699392K, 14% used [0x00000005c0000000,0x00000005c63a28f8,0x00000005eab00000)
 Metaspace       used 30352K, capacity 30962K, committed 31232K, reserved 1077248K
  class space    used 3814K, capacity 4015K, committed 4096K, reserved 1048576K
Event: 13.427 GC heap after
Heap after GC invocations=6 (full 1):
 PSYoungGen      total 1092096K, used 43502K [0x0000000715580000, 0x000000076f380000, 0x00000007c0000000)
  eden space 1048576K, 0% used [0x0000000715580000,0x0000000715580000,0x0000000755580000)
  from space 43520K, 99% used [0x0000000755580000,0x0000000757ffb9b0,0x0000000758000000)
  to   space 83968K, 0% used [0x000000076a180000,0x000000076a180000,0x000000076f380000)
 ParOldGen       total 699392K, used 110167K [0x00000005c0000000, 0x00000005eab00000, 0x0000000715580000)
  object space 699392K, 15% used [0x00000005c0000000,0x00000005c6b95d50,0x00000005eab00000)
 Metaspace       used 30352K, capacity 30962K, committed 31232K, reserved 1077248K
  class space    used 3814K, capacity 4015K, committed 4096K, reserved 1048576K
}
Event: 17.604 GC heap before
{Heap before GC invocations=7 (full 1):
 PSYoungGen      total 1092096K, used 1092078K [0x0000000715580000, 0x000000076f380000, 0x00000007c0000000)
  eden space 1048576K, 100% used [0x0000000715580000,0x0000000755580000,0x0000000755580000)
  from space 43520K, 99% used [0x0000000755580000,0x0000000757ffb9b0,0x0000000758000000)
  to   space 83968K, 0% used [0x000000076a180000,0x000000076a180000,0x000000076f380000)
 ParOldGen       total 699392K, used 110167K [0x00000005c0000000, 0x00000005eab00000, 0x0000000715580000)
  object space 699392K, 15% used [0x00000005c0000000,0x00000005c6b95d50,0x00000005eab00000)
 Metaspace       used 34388K, capacity 35020K, committed 35328K, reserved 1079296K
  class space    used 4277K, capacity 4512K, committed 4608K, reserved 1048576K
Event: 17.679 GC heap after
Heap after GC invocations=7 (full 1):
 PSYoungGen      total 1388032K, used 71401K [0x0000000715580000, 0x0000000781600000, 0x00000007c0000000)
  eden space 1304064K, 0% used [0x0000000715580000,0x0000000715580000,0x0000000764f00000)
  from space 83968K, 85% used [0x000000076a180000,0x000000076e73a6e0,0x000000076f380000)
  to   space 84480K, 0% used [0x0000000764f00000,0x0000000764f00000,0x000000076a180000)
 ParOldGen       total 699392K, used 110183K [0x00000005c0000000, 0x00000005eab00000, 0x0000000715580000)
  object space 699392K, 15% used [0x00000005c0000000,0x00000005c6b99d50,0x00000005eab00000)
 Metaspace       used 34388K, capacity 35020K, committed 35328K, reserved 1079296K
  class space    used 4277K, capacity 4512K, committed 4608K, reserved 1048576K
}
Event: 17.897 GC heap before
{Heap before GC invocations=8 (full 1):
 PSYoungGen      total 1388032K, used 96944K [0x0000000715580000, 0x0000000781600000, 0x00000007c0000000)
  eden space 1304064K, 1% used [0x0000000715580000,0x0000000716e71a80,0x0000000764f00000)
  from space 83968K, 85% used [0x000000076a180000,0x000000076e73a6e0,0x000000076f380000)
  to   space 84480K, 0% used [0x0000000764f00000,0x0000000764f00000,0x000000076a180000)
 ParOldGen       total 699392K, used 110183K [0x00000005c0000000, 0x00000005eab00000, 0x0000000715580000)
  object space 699392K, 15% used [0x00000005c0000000,0x00000005c6b99d50,0x00000005eab00000)
 Metaspace       used 34647K, capacity 35250K, committed 35496K, reserved 1081344K
  class space    used 4324K, capacity 4547K, committed 4608K, reserved 1048576K
Event: 17.966 GC heap after
Heap after GC invocations=8 (full 1):
 PSYoungGen      total 1388544K, used 69640K [0x0000000715580000, 0x00000007aa300000, 0x00000007c0000000)
  eden space 1304064K, 0% used [0x0000000715580000,0x0000000715580000,0x0000000764f00000)
  from space 84480K, 82% used [0x0000000764f00000,0x0000000769302158,0x000000076a180000)
  to   space 83968K, 0% used [0x00000007a5100000,0x00000007a5100000,0x00000007aa300000)
 ParOldGen       total 699392K, used 110183K [0x00000005c0000000, 0x00000005eab00000, 0x0000000715580000)
  object space 699392K, 15% used [0x00000005c0000000,0x00000005c6b99d50,0x00000005eab00000)
 Metaspace       used 34647K, capacity 35250K, committed 35496K, reserved 1081344K
  class space    used 4324K, capacity 4547K, committed 4608K, reserved 1048576K
}
Event: 17.966 GC heap before
{Heap before GC invocations=9 (full 2):
 PSYoungGen      total 1388544K, used 69640K [0x0000000715580000, 0x00000007aa300000, 0x00000007c0000000)
  eden space 1304064K, 0% used [0x0000000715580000,0x0000000715580000,0x0000000764f00000)
  from space 84480K, 82% used [0x0000000764f00000,0x0000000769302158,0x000000076a180000)
  to   space 83968K, 0% used [0x00000007a5100000,0x00000007a5100000,0x00000007aa300000)
 ParOldGen       total 699392K, used 110183K [0x00000005c0000000, 0x00000005eab00000, 0x0000000715580000)
  object space 699392K, 15% used [0x00000005c0000000,0x00000005c6b99d50,0x00000005eab00000)
 Metaspace       used 34647K, capacity 35250K, committed 35496K, reserved 1081344K
  class space    used 4324K, capacity 4547K, committed 4608K, reserved 1048576K
Event: 18.305 GC heap after
Heap after GC invocations=9 (full 2):
 PSYoungGen      total 1388544K, used 0K [0x0000000715580000, 0x00000007aa300000, 0x00000007c0000000)
  eden space 1304064K, 0% used [0x0000000715580000,0x0000000715580000,0x0000000764f00000)
  from space 84480K, 0% used [0x0000000764f00000,0x0000000764f00000,0x000000076a180000)
  to   space 83968K, 0% used [0x00000007a5100000,0x00000007a5100000,0x00000007aa300000)
 ParOldGen       total 699392K, used 127920K [0x00000005c0000000, 0x00000005eab00000, 0x0000000715580000)
  object space 699392K, 18% used [0x00000005c0000000,0x00000005c7cec0e8,0x00000005eab00000)
 Metaspace       used 34647K, capacity 35250K, committed 35496K, reserved 1081344K
  class space    used 4324K, capacity 4547K, committed 4608K, reserved 1048576K
}

