# JRE version: Java(TM) SE Runtime Environment (8.0_281-b09) (build 1.8.0_281-b09)
# Java VM: Java HotSpot(TM) 64-Bit Server VM (25.281-b09 mixed mode bsd-amd64 compressed oops)
Heap:
 PSYoungGen      total 2260992K, used 1256490K [0x0000000715580000, 0x00000007c0000000, 0x00000007c0000000)
  eden space 1767936K, 51% used [0x0000000715580000,0x000000074cd040c0,0x0000000781400000)
  from space 493056K, 70% used [0x00000007a1e80000,0x00000007b72067b8,0x00000007c0000000)
  to   space 514048K, 0% used [0x0000000781400000,0x0000000781400000,0x00000007a0a00000)
 ParOldGen       total 5592576K, used 4420247K [0x00000005c0000000, 0x0000000715580000, 0x0000000715580000)
  object space 5592576K, 79% used [0x00000005c0000000,0x00000006cdca5ee0,0x0000000715580000)
 Metaspace       used 383351K, capacity 395489K, committed 395736K, reserved 1370112K
  class space    used 70150K, capacity 74235K, committed 74240K, reserved 1048576K
GC Heap History (10 events):
Event: 1012.279 GC heap before
{Heap before GC invocations=126 (full 10):
 PSYoungGen      total 2378240K, used 2171691K [0x0000000715580000, 0x00000007c0000000, 0x00000007c0000000)
  eden space 1960448K, 100% used [0x0000000715580000,0x000000078d000000,0x000000078d000000)
  from space 417792K, 50% used [0x000000078d000000,0x0000000799e4aec0,0x00000007a6800000)
  to   space 410624K, 0% used [0x00000007a6f00000,0x00000007a6f00000,0x00000007c0000000)
 ParOldGen       total 5592576K, used 4406687K [0x00000005c0000000, 0x0000000715580000, 0x0000000715580000)
  object space 5592576K, 78% used [0x00000005c0000000,0x00000006ccf67ee0,0x0000000715580000)
 Metaspace       used 373581K, capacity 384591K, committed 384728K, reserved 1361920K
  class space    used 68965K, capacity 72899K, committed 72960K, reserved 1048576K
Event: 1012.963 GC heap after
Heap after GC invocations=126 (full 10):
 PSYoungGen      total 2284032K, used 369017K [0x0000000715580000, 0x00000007c0000000, 0x00000007c0000000)
  eden space 1873408K, 0% used [0x0000000715580000,0x0000000715580000,0x0000000787b00000)
  from space 410624K, 89% used [0x00000007a6f00000,0x00000007bd75e610,0x00000007c0000000)
  to   space 461312K, 0% used [0x0000000787b00000,0x0000000787b00000,0x00000007a3d80000)
 ParOldGen       total 5592576K, used 4406687K [0x00000005c0000000, 0x0000000715580000, 0x0000000715580000)
  object space 5592576K, 78% used [0x00000005c0000000,0x00000006ccf67ee0,0x0000000715580000)
 Metaspace       used 373581K, capacity 384591K, committed 384728K, reserved 1361920K
  class space    used 68965K, capacity 72899K, committed 72960K, reserved 1048576K
}
Event: 1023.622 GC heap before
{Heap before GC invocations=127 (full 10):
 PSYoungGen      total 2284032K, used 2242425K [0x0000000715580000, 0x00000007c0000000, 0x00000007c0000000)
  eden space 1873408K, 100% used [0x0000000715580000,0x0000000787b00000,0x0000000787b00000)
  from space 410624K, 89% used [0x00000007a6f00000,0x00000007bd75e610,0x00000007c0000000)
  to   space 461312K, 0% used [0x0000000787b00000,0x0000000787b00000,0x00000007a3d80000)
 ParOldGen       total 5592576K, used 4406687K [0x00000005c0000000, 0x0000000715580000, 0x0000000715580000)
  object space 5592576K, 78% used [0x00000005c0000000,0x00000006ccf67ee0,0x0000000715580000)
 Metaspace       used 377261K, capacity 388409K, committed 388440K, reserved 1363968K
  class space    used 69382K, capacity 73342K, committed 73344K, reserved 1048576K
Event: 1024.035 GC heap after
Heap after GC invocations=127 (full 10):
 PSYoungGen      total 2150400K, used 276495K [0x0000000715580000, 0x00000007c0000000, 0x00000007c0000000)
  eden space 1873408K, 0% used [0x0000000715580000,0x0000000715580000,0x0000000787b00000)
  from space 276992K, 99% used [0x0000000787b00000,0x0000000798903d08,0x0000000798980000)
  to   space 467456K, 0% used [0x00000007a3780000,0x00000007a3780000,0x00000007c0000000)
 ParOldGen       total 5592576K, used 4406695K [0x00000005c0000000, 0x0000000715580000, 0x0000000715580000)
  object space 5592576K, 78% used [0x00000005c0000000,0x00000006ccf69ee0,0x0000000715580000)
 Metaspace       used 377261K, capacity 388409K, committed 388440K, reserved 1363968K
  class space    used 69382K, capacity 73342K, committed 73344K, reserved 1048576K
}
Event: 1025.001 GC heap before
{Heap before GC invocations=128 (full 10):
 PSYoungGen      total 2150400K, used 2149903K [0x0000000715580000, 0x00000007c0000000, 0x00000007c0000000)
  eden space 1873408K, 100% used [0x0000000715580000,0x0000000787b00000,0x0000000787b00000)
  from space 276992K, 99% used [0x0000000787b00000,0x0000000798903d08,0x0000000798980000)
  to   space 467456K, 0% used [0x00000007a3780000,0x00000007a3780000,0x00000007c0000000)
 ParOldGen       total 5592576K, used 4406695K [0x00000005c0000000, 0x0000000715580000, 0x0000000715580000)
  object space 5592576K, 78% used [0x00000005c0000000,0x00000006ccf69ee0,0x0000000715580000)
 Metaspace       used 377345K, capacity 388493K, committed 388824K, reserved 1363968K
  class space    used 69393K, capacity 73350K, committed 73472K, reserved 1048576K
Event: 1025.240 GC heap after
Heap after GC invocations=128 (full 10):
 PSYoungGen      total 2334720K, used 252250K [0x0000000715580000, 0x00000007c0000000, 0x00000007c0000000)
  eden space 1867264K, 0% used [0x0000000715580000,0x0000000715580000,0x0000000787500000)
  from space 467456K, 53% used [0x00000007a3780000,0x00000007b2dd6ab0,0x00000007c0000000)
  to   space 461312K, 0% used [0x0000000787500000,0x0000000787500000,0x00000007a3780000)
 ParOldGen       total 5592576K, used 4406703K [0x00000005c0000000, 0x0000000715580000, 0x0000000715580000)
  object space 5592576K, 78% used [0x00000005c0000000,0x00000006ccf6bee0,0x0000000715580000)
 Metaspace       used 377345K, capacity 388493K, committed 388824K, reserved 1363968K
  class space    used 69393K, capacity 73350K, committed 73472K, reserved 1048576K
}
Event: 1036.818 GC heap before
{Heap before GC invocations=129 (full 10):
 PSYoungGen      total 2334720K, used 2119514K [0x0000000715580000, 0x00000007c0000000, 0x00000007c0000000)
  eden space 1867264K, 100% used [0x0000000715580000,0x0000000787500000,0x0000000787500000)
  from space 467456K, 53% used [0x00000007a3780000,0x00000007b2dd6ab0,0x00000007c0000000)
  to   space 461312K, 0% used [0x0000000787500000,0x0000000787500000,0x00000007a3780000)
 ParOldGen       total 5592576K, used 4406703K [0x00000005c0000000, 0x0000000715580000, 0x0000000715580000)
  object space 5592576K, 78% used [0x00000005c0000000,0x00000006ccf6bee0,0x0000000715580000)
 Metaspace       used 380693K, capacity 391995K, committed 392280K, reserved 1368064K
  class space    used 69808K, capacity 73831K, committed 73856K, reserved 1048576K
Event: 1037.233 GC heap after
Heap after GC invocations=129 (full 10):
 PSYoungGen      total 2225152K, used 357496K [0x0000000715580000, 0x00000007c0000000, 0x00000007c0000000)
  eden space 1867264K, 0% used [0x0000000715580000,0x0000000715580000,0x0000000787500000)
  from space 357888K, 99% used [0x0000000787500000,0x000000079d21e0f0,0x000000079d280000)
  to   space 493056K, 0% used [0x00000007a1e80000,0x00000007a1e80000,0x00000007c0000000)
 ParOldGen       total 5592576K, used 4406711K [0x00000005c0000000, 0x0000000715580000, 0x0000000715580000)
  object space 5592576K, 78% used [0x00000005c0000000,0x00000006ccf6dee0,0x0000000715580000)
 Metaspace       used 380693K, capacity 391995K, committed 392280K, reserved 1368064K
  class space    used 69808K, capacity 73831K, committed 73856K, reserved 1048576K
}
Event: 1048.523 GC heap before
{Heap before GC invocations=130 (full 10):
 PSYoungGen      total 2225152K, used 2224760K [0x0000000715580000, 0x00000007c0000000, 0x00000007c0000000)
  eden space 1867264K, 100% used [0x0000000715580000,0x0000000787500000,0x0000000787500000)
  from space 357888K, 99% used [0x0000000787500000,0x000000079d21e0f0,0x000000079d280000)
  to   space 493056K, 0% used [0x00000007a1e80000,0x00000007a1e80000,0x00000007c0000000)
 ParOldGen       total 5592576K, used 4406711K [0x00000005c0000000, 0x0000000715580000, 0x0000000715580000)
  object space 5592576K, 78% used [0x00000005c0000000,0x00000006ccf6dee0,0x0000000715580000)
 Metaspace       used 383178K, capacity 395425K, committed 395480K, reserved 1370112K
  class space    used 70138K, capacity 74235K, committed 74240K, reserved 1048576K
Event: 1048.886 GC heap after
Heap after GC invocations=130 (full 10):
 PSYoungGen      total 2260992K, used 347673K [0x0000000715580000, 0x00000007c0000000, 0x00000007c0000000)
  eden space 1767936K, 0% used [0x0000000715580000,0x0000000715580000,0x0000000781400000)
  from space 493056K, 70% used [0x00000007a1e80000,0x00000007b72067b8,0x00000007c0000000)
  to   space 514048K, 0% used [0x0000000781400000,0x0000000781400000,0x00000007a0a00000)
 ParOldGen       total 5592576K, used 4420247K [0x00000005c0000000, 0x0000000715580000, 0x0000000715580000)
  object space 5592576K, 79% used [0x00000005c0000000,0x00000006cdca5ee0,0x0000000715580000)
 Metaspace       used 383178K, capacity 395425K, committed 395480K, reserved 1370112K
  class space    used 70138K, capacity 74235K, committed 74240K, reserved 1048576K
}

