# JRE version: Java(TM) SE Runtime Environment (8.0_271-b09) (build 1.8.0_271-b09)
# Java VM: Java HotSpot(TM) 64-Bit Server VM (25.271-b09 mixed mode bsd-amd64 compressed oops)
Heap:
 PSYoungGen      total 1522176K, used 1354592K [0x0000000715580000, 0x0000000778300000, 0x00000007c0000000)
  eden space 1444352K, 93% used [0x0000000715580000,0x00000007680582d8,0x000000076d800000)
  from space 77824K, 0% used [0x0000000773700000,0x0000000773700000,0x0000000778300000)
  to   space 87552K, 0% used [0x000000076d800000,0x000000076d800000,0x0000000772d80000)
 ParOldGen       total 699392K, used 138535K [0x00000005c0000000, 0x00000005eab00000, 0x0000000715580000)
  object space 699392K, 19% used [0x00000005c0000000,0x00000005c8749d18,0x00000005eab00000)
 Metaspace       used 45108K, capacity 45867K, committed 46248K, reserved 1089536K
  class space    used 6035K, capacity 6254K, committed 6312K, reserved 1048576K
GC Heap History (10 events):
Event: 21.287 GC heap before
{Heap before GC invocations=6 (full 1):
 PSYoungGen      total 567808K, used 524288K [0x0000000715580000, 0x000000073aa80000, 0x00000007c0000000)
  eden space 524288K, 100% used [0x0000000715580000,0x0000000735580000,0x0000000735580000)
  from space 43520K, 0% used [0x0000000738000000,0x0000000738000000,0x000000073aa80000)
  to   space 43520K, 0% used [0x0000000735580000,0x0000000735580000,0x0000000738000000)
 ParOldGen       total 699392K, used 66779K [0x00000005c0000000, 0x00000005eab00000, 0x0000000715580000)
  object space 699392K, 9% used [0x00000005c0000000,0x00000005c4136e18,0x00000005eab00000)
 Metaspace       used 27016K, capacity 27426K, committed 27648K, reserved 1073152K
  class space    used 3384K, capacity 3531K, committed 3584K, reserved 1048576K
Event: 21.391 GC heap after
Heap after GC invocations=6 (full 1):
 PSYoungGen      total 567808K, used 43508K [0x0000000715580000, 0x0000000756900000, 0x00000007c0000000)
  eden space 524288K, 0% used [0x0000000715580000,0x0000000715580000,0x0000000735580000)
  from space 43520K, 99% used [0x0000000735580000,0x0000000737ffd2d8,0x0000000738000000)
  to   space 86016K, 0% used [0x0000000751500000,0x0000000751500000,0x0000000756900000)
 ParOldGen       total 699392K, used 98040K [0x00000005c0000000, 0x00000005eab00000, 0x0000000715580000)
  object space 699392K, 14% used [0x00000005c0000000,0x00000005c5fbe3a8,0x00000005eab00000)
 Metaspace       used 27016K, capacity 27426K, committed 27648K, reserved 1073152K
  class space    used 3384K, capacity 3531K, committed 3584K, reserved 1048576K
}
Event: 25.042 GC heap before
{Heap before GC invocations=7 (full 1):
 PSYoungGen      total 567808K, used 567796K [0x0000000715580000, 0x0000000756900000, 0x00000007c0000000)
  eden space 524288K, 100% used [0x0000000715580000,0x0000000735580000,0x0000000735580000)
  from space 43520K, 99% used [0x0000000735580000,0x0000000737ffd2d8,0x0000000738000000)
  to   space 86016K, 0% used [0x0000000751500000,0x0000000751500000,0x0000000756900000)
 ParOldGen       total 699392K, used 98040K [0x00000005c0000000, 0x00000005eab00000, 0x0000000715580000)
  object space 699392K, 14% used [0x00000005c0000000,0x00000005c5fbe3a8,0x00000005eab00000)
 Metaspace       used 29664K, capacity 30290K, committed 30592K, reserved 1075200K
  class space    used 3698K, capacity 3929K, committed 3968K, reserved 1048576K
Event: 25.086 GC heap after
Heap after GC invocations=7 (full 1):
 PSYoungGen      total 948736K, used 48363K [0x0000000715580000, 0x0000000755980000, 0x00000007c0000000)
  eden space 878592K, 0% used [0x0000000715580000,0x0000000715580000,0x000000074af80000)
  from space 70144K, 68% used [0x0000000751500000,0x000000075443ac68,0x0000000755980000)
  to   space 87040K, 0% used [0x000000074af80000,0x000000074af80000,0x0000000750480000)
 ParOldGen       total 699392K, used 98048K [0x00000005c0000000, 0x00000005eab00000, 0x0000000715580000)
  object space 699392K, 14% used [0x00000005c0000000,0x00000005c5fc03a8,0x00000005eab00000)
 Metaspace       used 29664K, capacity 30290K, committed 30592K, reserved 1075200K
  class space    used 3698K, capacity 3929K, committed 3968K, reserved 1048576K
}
Event: 29.545 GC heap before
{Heap before GC invocations=8 (full 1):
 PSYoungGen      total 948736K, used 926955K [0x0000000715580000, 0x0000000755980000, 0x00000007c0000000)
  eden space 878592K, 100% used [0x0000000715580000,0x000000074af80000,0x000000074af80000)
  from space 70144K, 68% used [0x0000000751500000,0x000000075443ac68,0x0000000755980000)
  to   space 87040K, 0% used [0x000000074af80000,0x000000074af80000,0x0000000750480000)
 ParOldGen       total 699392K, used 98048K [0x00000005c0000000, 0x00000005eab00000, 0x0000000715580000)
  object space 699392K, 14% used [0x00000005c0000000,0x00000005c5fc03a8,0x00000005eab00000)
 Metaspace       used 31631K, capacity 32250K, committed 32640K, reserved 1077248K
  class space    used 3935K, capacity 4145K, committed 4224K, reserved 1048576K
Event: 29.622 GC heap after
Heap after GC invocations=8 (full 1):
 PSYoungGen      total 965632K, used 58035K [0x0000000715580000, 0x0000000778a00000, 0x00000007c0000000)
  eden space 878592K, 0% used [0x0000000715580000,0x0000000715580000,0x000000074af80000)
  from space 87040K, 66% used [0x000000074af80000,0x000000074e82cd70,0x0000000750480000)
  to   space 84992K, 0% used [0x0000000773700000,0x0000000773700000,0x0000000778a00000)
 ParOldGen       total 699392K, used 98056K [0x00000005c0000000, 0x00000005eab00000, 0x0000000715580000)
  object space 699392K, 14% used [0x00000005c0000000,0x00000005c5fc23a8,0x00000005eab00000)
 Metaspace       used 31631K, capacity 32250K, committed 32640K, reserved 1077248K
  class space    used 3935K, capacity 4145K, committed 4224K, reserved 1048576K
}
Event: 32.366 GC heap before
{Heap before GC invocations=9 (full 1):
 PSYoungGen      total 965632K, used 637005K [0x0000000715580000, 0x0000000778a00000, 0x00000007c0000000)
  eden space 878592K, 65% used [0x0000000715580000,0x0000000738ae6938,0x000000074af80000)
  from space 87040K, 66% used [0x000000074af80000,0x000000074e82cd70,0x0000000750480000)
  to   space 84992K, 0% used [0x0000000773700000,0x0000000773700000,0x0000000778a00000)
 ParOldGen       total 699392K, used 98056K [0x00000005c0000000, 0x00000005eab00000, 0x0000000715580000)
  object space 699392K, 14% used [0x00000005c0000000,0x00000005c5fc23a8,0x00000005eab00000)
 Metaspace       used 34670K, capacity 35274K, committed 35496K, reserved 1081344K
  class space    used 4310K, capacity 4511K, committed 4520K, reserved 1048576K
Event: 32.415 GC heap after
Heap after GC invocations=9 (full 1):
 PSYoungGen      total 1522176K, used 74977K [0x0000000715580000, 0x0000000778300000, 0x00000007c0000000)
  eden space 1444352K, 0% used [0x0000000715580000,0x0000000715580000,0x000000076d800000)
  from space 77824K, 96% used [0x0000000773700000,0x0000000778038478,0x0000000778300000)
  to   space 87552K, 0% used [0x000000076d800000,0x000000076d800000,0x0000000772d80000)
 ParOldGen       total 699392K, used 98064K [0x00000005c0000000, 0x00000005eab00000, 0x0000000715580000)
  object space 699392K, 14% used [0x00000005c0000000,0x00000005c5fc43a8,0x00000005eab00000)
 Metaspace       used 34670K, capacity 35274K, committed 35496K, reserved 1081344K
  class space    used 4310K, capacity 4511K, committed 4520K, reserved 1048576K
}
Event: 32.415 GC heap before
{Heap before GC invocations=10 (full 2):
 PSYoungGen      total 1522176K, used 74977K [0x0000000715580000, 0x0000000778300000, 0x00000007c0000000)
  eden space 1444352K, 0% used [0x0000000715580000,0x0000000715580000,0x000000076d800000)
  from space 77824K, 96% used [0x0000000773700000,0x0000000778038478,0x0000000778300000)
  to   space 87552K, 0% used [0x000000076d800000,0x000000076d800000,0x0000000772d80000)
 ParOldGen       total 699392K, used 98064K [0x00000005c0000000, 0x00000005eab00000, 0x0000000715580000)
  object space 699392K, 14% used [0x00000005c0000000,0x00000005c5fc43a8,0x00000005eab00000)
 Metaspace       used 34670K, capacity 35274K, committed 35496K, reserved 1081344K
  class space    used 4310K, capacity 4511K, committed 4520K, reserved 1048576K
Event: 32.696 GC heap after
Heap after GC invocations=10 (full 2):
 PSYoungGen      total 1522176K, used 0K [0x0000000715580000, 0x0000000778300000, 0x00000007c0000000)
  eden space 1444352K, 0% used [0x0000000715580000,0x0000000715580000,0x000000076d800000)
  from space 77824K, 0% used [0x0000000773700000,0x0000000773700000,0x0000000778300000)
  to   space 87552K, 0% used [0x000000076d800000,0x000000076d800000,0x0000000772d80000)
 ParOldGen       total 699392K, used 138535K [0x00000005c0000000, 0x00000005eab00000, 0x0000000715580000)
  object space 699392K, 19% used [0x00000005c0000000,0x00000005c8749d18,0x00000005eab00000)
 Metaspace       used 34670K, capacity 35274K, committed 35496K, reserved 1081344K
  class space    used 4310K, capacity 4511K, committed 4520K, reserved 1048576K
}

