# JRE version: Java(TM) SE Runtime Environment (8.0_251-b08) (build 1.8.0_251-b08)
# Java VM: Java HotSpot(TM) 64-Bit Server VM (25.251-b08 mixed mode bsd-amd64 compressed oops)
Heap:
 PSYoungGen      total 1443840K, used 1269472K [0x0000000715580000, 0x00000007b9b00000, 0x00000007c0000000)
  eden space 1359872K, 93% used [0x0000000715580000,0x0000000762d38070,0x0000000768580000)
  from space 83968K, 0% used [0x0000000768580000,0x0000000768580000,0x000000076d780000)
  to   space 83456K, 0% used [0x00000007b4980000,0x00000007b4980000,0x00000007b9b00000)
 ParOldGen       total 699392K, used 127367K [0x00000005c0000000, 0x00000005eab00000, 0x0000000715580000)
  object space 699392K, 18% used [0x00000005c0000000,0x00000005c7c61cc0,0x00000005eab00000)
 Metaspace       used 44053K, capacity 44836K, committed 45184K, reserved 1087488K
  class space    used 5970K, capacity 6220K, committed 6272K, reserved 1048576K
GC Heap History (10 events):
Event: 11.970 GC heap before
{Heap before GC invocations=5 (full 1):
 PSYoungGen      total 567808K, used 524288K [0x0000000715580000, 0x000000075aa80000, 0x00000007c0000000)
  eden space 524288K, 100% used [0x0000000715580000,0x0000000735580000,0x0000000735580000)
  from space 43520K, 0% used [0x0000000735580000,0x0000000735580000,0x0000000738000000)
  to   space 43520K, 0% used [0x0000000758000000,0x0000000758000000,0x000000075aa80000)
 ParOldGen       total 699392K, used 72878K [0x00000005c0000000, 0x00000005eab00000, 0x0000000715580000)
  object space 699392K, 10% used [0x00000005c0000000,0x00000005c472b998,0x00000005eab00000)
 Metaspace       used 27459K, capacity 27930K, committed 28288K, reserved 1073152K
  class space    used 3472K, capacity 3665K, committed 3712K, reserved 1048576K
Event: 12.071 GC heap after
Heap after GC invocations=5 (full 1):
 PSYoungGen      total 901632K, used 43495K [0x0000000715580000, 0x000000075aa80000, 0x00000007c0000000)
  eden space 858112K, 0% used [0x0000000715580000,0x0000000715580000,0x0000000749b80000)
  from space 43520K, 99% used [0x0000000758000000,0x000000075aa79d30,0x000000075aa80000)
  to   space 43520K, 0% used [0x0000000755580000,0x0000000755580000,0x0000000758000000)
 ParOldGen       total 699392K, used 102031K [0x00000005c0000000, 0x00000005eab00000, 0x0000000715580000)
  object space 699392K, 14% used [0x00000005c0000000,0x00000005c63a3e78,0x00000005eab00000)
 Metaspace       used 27459K, capacity 27930K, committed 28288K, reserved 1073152K
  class space    used 3472K, capacity 3665K, committed 3712K, reserved 1048576K
}
Event: 17.372 GC heap before
{Heap before GC invocations=6 (full 1):
 PSYoungGen      total 901632K, used 901607K [0x0000000715580000, 0x000000075aa80000, 0x00000007c0000000)
  eden space 858112K, 100% used [0x0000000715580000,0x0000000749b80000,0x0000000749b80000)
  from space 43520K, 99% used [0x0000000758000000,0x000000075aa79d30,0x000000075aa80000)
  to   space 43520K, 0% used [0x0000000755580000,0x0000000755580000,0x0000000758000000)
 ParOldGen       total 699392K, used 102031K [0x00000005c0000000, 0x00000005eab00000, 0x0000000715580000)
  object space 699392K, 14% used [0x00000005c0000000,0x00000005c63a3e78,0x00000005eab00000)
 Metaspace       used 30498K, capacity 31120K, committed 31488K, reserved 1077248K
  class space    used 3833K, capacity 4048K, committed 4096K, reserved 1048576K
Event: 17.428 GC heap after
Heap after GC invocations=6 (full 1):
 PSYoungGen      total 1092096K, used 43490K [0x0000000715580000, 0x0000000772800000, 0x00000007c0000000)
  eden space 1048576K, 0% used [0x0000000715580000,0x0000000715580000,0x0000000755580000)
  from space 43520K, 99% used [0x0000000755580000,0x0000000757ff8a50,0x0000000758000000)
  to   space 82432K, 0% used [0x000000076d780000,0x000000076d780000,0x0000000772800000)
 ParOldGen       total 699392K, used 111847K [0x00000005c0000000, 0x00000005eab00000, 0x0000000715580000)
  object space 699392K, 15% used [0x00000005c0000000,0x00000005c6d39ca8,0x00000005eab00000)
 Metaspace       used 30498K, capacity 31120K, committed 31488K, reserved 1077248K
  class space    used 3833K, capacity 4048K, committed 4096K, reserved 1048576K
}
Event: 22.311 GC heap before
{Heap before GC invocations=7 (full 1):
 PSYoungGen      total 1092096K, used 1092066K [0x0000000715580000, 0x0000000772800000, 0x00000007c0000000)
  eden space 1048576K, 100% used [0x0000000715580000,0x0000000755580000,0x0000000755580000)
  from space 43520K, 99% used [0x0000000755580000,0x0000000757ff8a50,0x0000000758000000)
  to   space 82432K, 0% used [0x000000076d780000,0x000000076d780000,0x0000000772800000)
 ParOldGen       total 699392K, used 111847K [0x00000005c0000000, 0x00000005eab00000, 0x0000000715580000)
  object space 699392K, 15% used [0x00000005c0000000,0x00000005c6d39ca8,0x00000005eab00000)
 Metaspace       used 34330K, capacity 34990K, committed 35328K, reserved 1079296K
  class space    used 4274K, capacity 4481K, committed 4608K, reserved 1048576K
Event: 22.372 GC heap after
Heap after GC invocations=7 (full 1):
 PSYoungGen      total 1442304K, used 71956K [0x0000000715580000, 0x0000000782580000, 0x00000007c0000000)
  eden space 1359872K, 0% used [0x0000000715580000,0x0000000715580000,0x0000000768580000)
  from space 82432K, 87% used [0x000000076d780000,0x0000000771dc5238,0x0000000772800000)
  to   space 83968K, 0% used [0x0000000768580000,0x0000000768580000,0x000000076d780000)
 ParOldGen       total 699392K, used 111855K [0x00000005c0000000, 0x00000005eab00000, 0x0000000715580000)
  object space 699392K, 15% used [0x00000005c0000000,0x00000005c6d3bca8,0x00000005eab00000)
 Metaspace       used 34330K, capacity 34990K, committed 35328K, reserved 1079296K
  class space    used 4274K, capacity 4481K, committed 4608K, reserved 1048576K
}
Event: 22.451 GC heap before
{Heap before GC invocations=8 (full 1):
 PSYoungGen      total 1442304K, used 100047K [0x0000000715580000, 0x0000000782580000, 0x00000007c0000000)
  eden space 1359872K, 2% used [0x0000000715580000,0x00000007170eecb8,0x0000000768580000)
  from space 82432K, 87% used [0x000000076d780000,0x0000000771dc5238,0x0000000772800000)
  to   space 83968K, 0% used [0x0000000768580000,0x0000000768580000,0x000000076d780000)
 ParOldGen       total 699392K, used 111855K [0x00000005c0000000, 0x00000005eab00000, 0x0000000715580000)
  object space 699392K, 15% used [0x00000005c0000000,0x00000005c6d3bca8,0x00000005eab00000)
 Metaspace       used 34622K, capacity 35220K, committed 35496K, reserved 1081344K
  class space    used 4312K, capacity 4516K, committed 4608K, reserved 1048576K
Event: 22.533 GC heap after
Heap after GC invocations=8 (full 1):
 PSYoungGen      total 1443840K, used 69447K [0x0000000715580000, 0x00000007b9b00000, 0x00000007c0000000)
  eden space 1359872K, 0% used [0x0000000715580000,0x0000000715580000,0x0000000768580000)
  from space 83968K, 82% used [0x0000000768580000,0x000000076c951cb8,0x000000076d780000)
  to   space 83456K, 0% used [0x00000007b4980000,0x00000007b4980000,0x00000007b9b00000)
 ParOldGen       total 699392K, used 111855K [0x00000005c0000000, 0x00000005eab00000, 0x0000000715580000)
  object space 699392K, 15% used [0x00000005c0000000,0x00000005c6d3bca8,0x00000005eab00000)
 Metaspace       used 34622K, capacity 35220K, committed 35496K, reserved 1081344K
  class space    used 4312K, capacity 4516K, committed 4608K, reserved 1048576K
}
Event: 22.533 GC heap before
{Heap before GC invocations=9 (full 2):
 PSYoungGen      total 1443840K, used 69447K [0x0000000715580000, 0x00000007b9b00000, 0x00000007c0000000)
  eden space 1359872K, 0% used [0x0000000715580000,0x0000000715580000,0x0000000768580000)
  from space 83968K, 82% used [0x0000000768580000,0x000000076c951cb8,0x000000076d780000)
  to   space 83456K, 0% used [0x00000007b4980000,0x00000007b4980000,0x00000007b9b00000)
 ParOldGen       total 699392K, used 111855K [0x00000005c0000000, 0x00000005eab00000, 0x0000000715580000)
  object space 699392K, 15% used [0x00000005c0000000,0x00000005c6d3bca8,0x00000005eab00000)
 Metaspace       used 34622K, capacity 35220K, committed 35496K, reserved 1081344K
  class space    used 4312K, capacity 4516K, committed 4608K, reserved 1048576K
Event: 22.986 GC heap after
Heap after GC invocations=9 (full 2):
 PSYoungGen      total 1443840K, used 0K [0x0000000715580000, 0x00000007b9b00000, 0x00000007c0000000)
  eden space 1359872K, 0% used [0x0000000715580000,0x0000000715580000,0x0000000768580000)
  from space 83968K, 0% used [0x0000000768580000,0x0000000768580000,0x000000076d780000)
  to   space 83456K, 0% used [0x00000007b4980000,0x00000007b4980000,0x00000007b9b00000)
 ParOldGen       total 699392K, used 127367K [0x00000005c0000000, 0x00000005eab00000, 0x0000000715580000)
  object space 699392K, 18% used [0x00000005c0000000,0x00000005c7c61cc0,0x00000005eab00000)
 Metaspace       used 34622K, capacity 35220K, committed 35496K, reserved 1081344K
  class space    used 4312K, capacity 4516K, committed 4608K, reserved 1048576K
}

